<?xml version="1.0" encoding="UTF-8"?>
<!-- Generated by org.testng.reporters.JUnitReportReporter -->
<testsuite hostname="DESKTOP-32VREN9" failures="1" tests="1" name="SeleniumPracticePrograms.KeyBoardActions" time="12.942" errors="0" timestamp="2023-09-25T18:10:54 IST" skipped="0">
  <testcase classname="SeleniumPracticePrograms.KeyBoardActions" name="KeyboardAction" time="12.942">
    <failure message="expected [https://www.google.com/search?q=Selenium&amp;sca_esv=568176390&amp;source=hp&amp;ei=_X4RZd27IqrN1sQPtImCsAw&amp;iflsig=AO6bgOgAAAAAZRGNDXYHsphvmxTOWmOpokoniuqutRq5&amp;ved=0ahUKEwidruK_48WBAxWqppUCHbSEAMYQ4dUDCAk&amp;uact=5&amp;oq=Selenium&amp;gs_lp=Egdnd3Mtd2l6IghTZWxlbml1bUhGUABYEXAAeACQAQCYAQCgAQCqAQC4AQPIAQD4AQE&amp;sclient=gws-wiz] but found [https://www.google.com/search?q=Selenium&amp;sca_esv=568176390&amp;source=hp&amp;ei=y38RZavJF_bL1sQPqsiawAY&amp;iflsig=AO6bgOgAAAAAZRGN26zcySGzEVp2DOXItabfiAwKBQJX&amp;ved=0ahUKEwjr2vSh5MWBAxX2pZUCHSqkBmgQ4dUDCAk&amp;uact=5&amp;oq=Selenium&amp;gs_lp=Egdnd3Mtd2l6IghTZWxlbml1bUgeUABYEHAAeACQAQCYAQCgAQCqAQC4AQPIAQD4AQE&amp;sclient=gws-wiz]" type="java.lang.AssertionError">
      <![CDATA[java.lang.AssertionError: expected [https://www.google.com/search?q=Selenium&sca_esv=568176390&source=hp&ei=_X4RZd27IqrN1sQPtImCsAw&iflsig=AO6bgOgAAAAAZRGNDXYHsphvmxTOWmOpokoniuqutRq5&ved=0ahUKEwidruK_48WBAxWqppUCHbSEAMYQ4dUDCAk&uact=5&oq=Selenium&gs_lp=Egdnd3Mtd2l6IghTZWxlbml1bUhGUABYEXAAeACQAQCYAQCgAQCqAQC4AQPIAQD4AQE&sclient=gws-wiz] but found [https://www.google.com/search?q=Selenium&sca_esv=568176390&source=hp&ei=y38RZavJF_bL1sQPqsiawAY&iflsig=AO6bgOgAAAAAZRGN26zcySGzEVp2DOXItabfiAwKBQJX&ved=0ahUKEwjr2vSh5MWBAxX2pZUCHSqkBmgQ4dUDCAk&uact=5&oq=Selenium&gs_lp=Egdnd3Mtd2l6IghTZWxlbml1bUgeUABYEHAAeACQAQCYAQCgAQCqAQC4AQPIAQD4AQE&sclient=gws-wiz]
at org.testng.Assert.fail(Assert.java:111)
at org.testng.Assert.failNotEquals(Assert.java:1578)
at org.testng.Assert.assertEqualsImpl(Assert.java:150)
at org.testng.Assert.assertEquals(Assert.java:132)
at org.testng.Assert.assertEquals(Assert.java:656)
at org.testng.Assert.assertEquals(Assert.java:666)
at SeleniumPracticePrograms.KeyBoardActions.KeyboardAction(KeyBoardActions.java:42)
at java.base/jdk.internal.reflect.NativeMethodAccessorImpl.invoke0(Native Method)
at java.base/jdk.internal.reflect.NativeMethodAccessorImpl.invoke(NativeMethodAccessorImpl.java:77)
at java.base/jdk.internal.reflect.DelegatingMethodAccessorImpl.invoke(DelegatingMethodAccessorImpl.java:43)
at java.base/java.lang.reflect.Method.invoke(Method.java:568)
at org.testng.internal.invokers.MethodInvocationHelper.invokeMethod(MethodInvocationHelper.java:139)
at org.testng.internal.invokers.TestInvoker.invokeMethod(TestInvoker.java:664)
at org.testng.internal.invokers.TestInvoker.invokeTestMethod(TestInvoker.java:227)
at org.testng.internal.invokers.MethodRunner.runInSequence(MethodRunner.java:50)
at org.testng.internal.invokers.TestInvoker$MethodInvocationAgent.invoke(TestInvoker.java:957)
at org.testng.internal.invokers.TestInvoker.invokeTestMethods(TestInvoker.java:200)
at org.testng.internal.invokers.TestMethodWorker.invokeTestMethods(TestMethodWorker.java:148)
at org.testng.internal.invokers.TestMethodWorker.run(TestMethodWorker.java:128)
at java.base/java.util.ArrayList.forEach(ArrayList.java:1511)
at org.testng.TestRunner.privateRun(TestRunner.java:848)
at org.testng.TestRunner.run(TestRunner.java:621)
at org.testng.SuiteRunner.runTest(SuiteRunner.java:443)
at org.testng.SuiteRunner.runSequentially(SuiteRunner.java:437)
at org.testng.SuiteRunner.privateRun(SuiteRunner.java:397)
at org.testng.SuiteRunner.run(SuiteRunner.java:336)
at org.testng.SuiteRunnerWorker.runSuite(SuiteRunnerWorker.java:52)
at org.testng.SuiteRunnerWorker.run(SuiteRunnerWorker.java:95)
at org.testng.TestNG.runSuitesSequentially(TestNG.java:1280)
at org.testng.TestNG.runSuitesLocally(TestNG.java:1200)
at org.testng.TestNG.runSuites(TestNG.java:1114)
at org.testng.TestNG.run(TestNG.java:1082)
at org.testng.remote.AbstractRemoteTestNG.run(AbstractRemoteTestNG.java:115)
at org.testng.remote.RemoteTestNG.initAndRun(RemoteTestNG.java:251)
at org.testng.remote.RemoteTestNG.main(RemoteTestNG.java:77)
]]>
    </failure>
  </testcase> <!-- KeyboardAction -->
</testsuite> <!-- SeleniumPracticePrograms.KeyBoardActions -->
